[INFO  - 2016-05-31T19:46:52.039Z] GhostDriver - Main - running on port 56494
[INFO  - 2016-05-31T19:46:52.368Z] Session [6bfdb550-2768-11e6-885f-13383749d308] - page.settings - {"XSSAuditingEnabled":false,"javascriptCanCloseWindows":true,"javascriptCanOpenWindows":true,"javascriptEnabled":true,"loadImages":true,"localToRemoteUrlAccessEnabled":false,"userAgent":"Mozilla/5.0 (Macintosh; Intel Mac OS X) AppleWebKit/538.1 (KHTML, like Gecko) PhantomJS/2.1.1 Safari/538.1","webSecurityEnabled":true}
[INFO  - 2016-05-31T19:46:52.368Z] Session [6bfdb550-2768-11e6-885f-13383749d308] - page.customHeaders:  - {}
[INFO  - 2016-05-31T19:46:52.369Z] Session [6bfdb550-2768-11e6-885f-13383749d308] - Session.negotiatedCapabilities - {"browserName":"phantomjs","version":"2.1.1","driverName":"ghostdriver","driverVersion":"1.2.0","platform":"mac-10.10 (Yosemite)-64bit","javascriptEnabled":true,"takesScreenshot":true,"handlesAlerts":false,"databaseEnabled":false,"locationContextEnabled":false,"applicationCacheEnabled":false,"browserConnectionEnabled":false,"cssSelectorsEnabled":true,"webStorageEnabled":false,"rotatable":false,"acceptSslCerts":false,"nativeEvents":true,"proxy":{"proxyType":"direct"}}
[INFO  - 2016-05-31T19:46:52.369Z] SessionManagerReqHand - _postNewSessionCommand - New Session Created: 6bfdb550-2768-11e6-885f-13383749d308
[INFO  - 2016-05-31T19:47:53.465Z] SessionManagerReqHand - _cleanupWindowlessSessions - Asynchronous Sessions clean-up phase starting NOW
[INFO  - 2016-05-31T19:52:53.458Z] SessionManagerReqHand - _cleanupWindowlessSessions - Asynchronous Sessions clean-up phase starting NOW
[INFO  - 2016-05-31T19:57:53.451Z] SessionManagerReqHand - _cleanupWindowlessSessions - Asynchronous Sessions clean-up phase starting NOW
[INFO  - 2016-05-31T20:02:53.444Z] SessionManagerReqHand - _cleanupWindowlessSessions - Asynchronous Sessions clean-up phase starting NOW
.js:11)
  set (https://f.vimeocdn.com/p/2.25.5/js/player.js:11)
  G (https://f.vimeocdn.com/p/2.25.5/js/player.js:12)
  a (https://f.vimeocdn.com/p/2.25.5/js/player.js:12)
  X (https://f.vimeocdn.com/p/2.25.5/js/player.js:2)
  z (https://f.vimeocdn.com/p/2.25.5/js/player.js:2)
  me (https://f.vimeocdn.com/p/2.25.5/js/player.js:2)
  o (https://f.vimeocdn.com/p/2.25.5/js/player.js:2)
  (anonymous function) (https://player.vimeo.com/video/107649815:1)

  phantomjs://platform/console++.js:263 in error
[ERROR - 2016-05-31T19:48:23.967Z] Session [6bfdb550-2768-11e6-885f-13383749d308] - page.onError - msg: TypeError: undefined is not a constructor (evaluating 'T.canPlayType(n)')

  phantomjs://platform/console++.js:263 in error
[ERROR - 2016-05-31T19:48:24.035Z] Session [6bfdb550-2768-11e6-885f-13383749d308] - page.onError - stack:
  get (https://f.vimeocdn.com/p/2.25.5/js/player.js:8)
  get (https://f.vimeocdn.com/p/2.25.5/js/player.js:8)
  value (https://f.vimeocdn.com/p/2.25.5/js/player.js:11)
  value (https://f.vimeocdn.com/p/2.25.5/js/player.js:11)
  set (https://f.vimeocdn.com/p/2.25.5/js/player.js:11)
  G (https://f.vimeocdn.com/p/2.25.5/js/player.js:12)
  a (https://f.vimeocdn.com/p/2.25.5/js/player.js:12)
  X (https://f.vimeocdn.com/p/2.25.5/js/player.js:2)
  z (https://f.vimeocdn.com/p/2.25.5/js/player.js:2)
  me (https://f.vimeocdn.com/p/2.25.5/js/player.js:2)
  o (https://f.vimeocdn.com/p/2.25.5/js/player.js:2)
  (anonymous function) (https://player.vimeo.com/video/411217:1)

  phantomjs://platform/console++.js:263 in error
[ERROR - 2016-05-31T19:48:26.270Z] Session [6bfdb550-2768-11e6-885f-13383749d308] - page.onError - msg: TypeError: undefined is not a constructor (evaluating 'T.canPlayType(n)')

  phantomjs://platform/console++.js:263 in error
[ERROR - 2016-05-31T19:48:26.270Z] Session [6bfdb550-2768-11e6-885f-13383749d308] - page.onError - stack:
  get (https://f.vimeocdn.com/p/2.25.5/js/player.js:8)
  get (https://f.vimeocdn.com/p/2.25.5/js/player.js:8)
  value (https://f.vimeocdn.com/p/2.25.5/js/player.js:11)
  value (https://f.vimeocdn.com/p/2.25.5/js/player.js:11)
  set (https://f.vimeocdn.com/p/2.25.5/js/player.js:11)
  G (https://f.vimeocdn.com/p/2.25.5/js/player.js:12)
  a (https://f.vimeocdn.com/p/2.25.5/js/player.js:12)
  X (https://f.vimeocdn.com/p/2.25.5/js/player.js:2)
  z (https://f.vimeocdn.com/p/2.25.5/js/player.js:2)
  me (https://f.vimeocdn.com/p/2.25.5/js/player.js:2)
  o (https://f.vimeocdn.com/p/2.25.5/js/player.js:2)
  (anonymous function) (https://player.vimeo.com/video/34623044:1)

  phantomjs://platform/console++.js:263 in error
[ERROR - 2016-05-31T19:48:52.192Z] Session [6bfdb550-2768-11e6-885f-13383749d308] - page.onError - msg: TypeError: undefined is not a constructor (evaluating 'T.canPlayType(n)')

  phantomjs://platform/console++.js:263 in error
[ERROR - 2016-05-31T19:48:52.236Z] Session [6bfdb550-2768-11e6-885f-13383749d308] - page.onError - stack:
  get (https://f.vimeocdn.com/p/2.25.5/js/player.js:8)
  get (https://f.vimeocdn.com/p/2.25.5/js/player.js:8)
  value (https://f.vimeocdn.com/p/2.25.5/js/player.js:11)
  value (https://f.vimeocdn.com/p/2.25.5/js/player.js:11)
  set (https://f.vimeocdn.com/p/2.25.5/js/player.js:11)
  G (https://f.vimeocdn.com/p/2.25.5/js/player.js:12)
  a (https://f.vimeocdn.com/p/2.25.5/js/player.js:12)
  X (https://f.vimeocdn.com/p/2.25.5/js/player.js:2)
  z (https://f.vimeocdn.com/p/2.25.5/js/player.js:2)
  me (https://f.vimeocdn.com/p/2.25.5/js/player.js:2)
  o (https://f.vimeocdn.com/p/2.25.5/js/player.js:2)
  (anonymous function) (https://player.vimeo.com/video/8906841:1)

  phantomjs://platform/console++.js:263 in error
[ERROR - 2016-05-31T19:49:15.121Z] Session [6bfdb550-2768-11e6-885f-13383749d308] - page.onError - msg: TypeError: undefined is not a constructor (evaluating 'T.canPlayType(n)')

  phantomjs://platform/console++.js:263 in error
[ERROR - 2016-05-31T19:49:15.122Z] Session [6bfdb550-2768-11e6-885f-13383749d308] - page.onError - stack:
  get (https://f.vimeocdn.com/p/2.25.5/js/player.js:8)
  get (https://f.vimeocdn.com/p/2.25.5/js/player.js:8)
  value (https://f.vimeocdn.com/p/2.25.5/js/player.js:11)
  value (https://f.vimeocdn.com/p/2.25.5/js/player.js:11)
  set (https://f.vimeocdn.com/p/2.25.5/js/player.js:11)
  G (https://f.vimeocdn.com/p/2.25.5/js/player.js:12)
  a (https://f.vimeocdn.com/p/2.25.5/js/player.js:12)
  X (https://f.vimeocdn.com/p/2.25.5/js/player.js:2)
  z (https://f.vimeocdn.com/p/2.25.5/js/player.js:2)
  me (https://f.vimeocdn.com/p/2.25.5/js/player.js:2)
  o (https://f.vimeocdn.com/p/2.25.5/js/player.js:2)
  (anonymous function) (https://player.vimeo.com/video/47735307:1)

  phantomjs://platform/console++.js:263 in error
[ERROR - 2016-05-31T19:49:40.446Z] Session [6bfdb550-2768-11e6-885f-13383749d308] - page.onError - msg: TypeError: undefined is not a constructor (evaluating 'T.canPlayType(n)')

  phantomjs://platform/console++.js:263 in error
[ERROR - 2016-05-31T19:49:40.447Z] Session [6bfdb550-2768-11e6-885f-13383749d308] - page.onError - stack:
  get (https://f.vimeocdn.com/p/2.25.5/js/player.js:8)
  get (https://f.vimeocdn.c[INFO  - 2016-05-31T19:52:21.505Z] SessionManagerReqHand - _cleanupWindowlessSessions - Asynchronous Sessions clean-up phase starting NOW
[INFO  - 2016-05-31T19:57:21.497Z] SessionManagerReqHand - _cleanupWindowlessSessions - Asynchronous Sessions clean-up phase starting NOW
[INFO  - 2016-05-31T20:02:21.490Z] SessionManagerReqHand - _cleanupWindowlessSessions - Asynchronous Sessions clean-up phase starting NOW
  me (https://f.vimeocdn.com/p/2.25.5/js/player.js:2)
  o (https://f.vimeocdn.com/p/2.25.5/js/player.js:2)
  (anonymous function) (https://player.vimeo.com/video/19863038:1)

  phantomjs://platform/console++.js:263 in error
[ERROR - 2016-05-31T19:49:43.322Z] Session [6bfdb550-2768-11e6-885f-13383749d308] - page.onError - msg: TypeError: undefined is not a constructor (evaluating 'T.canPlayType(n)')

  phantomjs://platform/console++.js:263 in error
[ERROR - 2016-05-31T19:49:43.322Z] Session [6bfdb550-2768-11e6-885f-13383749d308] - page.onError - stack:
  get (https://f.vimeocdn.com/p/2.25.5/js/player.js:8)
  get (https://f.vimeocdn.com/p/2.25.5/js/player.js:8)
  value (https://f.vimeocdn.com/p/2.25.5/js/player.js:11)
  value (https://f.vimeocdn.com/p/2.25.5/js/player.js:11)
  set (https://f.vimeocdn.com/p/2.25.5/js/player.js:11)
  G (https://f.vimeocdn.com/p/2.25.5/js/player.js:12)
  a (https://f.vimeocdn.com/p/2.25.5/js/player.js:12)
  X (https://f.vimeocdn.com/p/2.25.5/js/player.js:2)
  z (https://f.vimeocdn.com/p/2.25.5/js/player.js:2)
  me (https://f.vimeocdn.com/p/2.25.5/js/player.js:2)
  o (https://f.vimeocdn.com/p/2.25.5/js/player.js:2)
  (anonymous function) (https://player.vimeo.com/video/18089410:1)

  phantomjs://platform/console++.js:263 in error
[INFO  - 2016-05-31T19:51:52.026Z] SessionManagerReqHand - _cleanupWindowlessSessions - Asynchronous Sessions clean-up phase starting NOW
[INFO  - 2016-05-31T19:56:52.019Z] SessionManagerReqHand - _cleanupWindowlessSessions - Asynchronous Sessions clean-up phase starting NOW
[INFO  - 2016-05-31T20:01:52.012Z] SessionManagerReqHand - _cleanupWindowlessSessions - Asynchronous Sessions clean-up phase starting NOW
